    Checking channel_plugin v0.2.1 (/Users/maarten/Documents/GitHub/agentic/greentic/crates/channel_plugin)
error[E0277]: the trait bound `Sender<(Request, Sender<Response>)>: serde::Serialize` is not satisfied
    --> crates/channel_plugin/src/channel_client.rs:108:17
     |
108  | #[derive(Debug, Serialize, Deserialize)]
     |                 ^^^^^^^^^ the trait `channel_client::_::_serde::Serialize` is not implemented for `Sender<(Request, Sender<Response>)>`
...
111  |     tx: mpsc::Sender<(Request, oneshot::Sender<Response>)>,
     |     -- required by a bound introduced by this call
     |
     = note: for local types consider adding `#[derive(serde::Serialize)]` to your `Sender<(Request, Sender<Response>)>` type
     = note: for types from other crates check whether the crate offers a `serde` feature flag
     = help: the following other types implement trait `channel_client::_::_serde::Serialize`:
               &'a T
               &'a mut T
               ()
               (T,)
               (T0, T1)
               (T0, T1, T2)
               (T0, T1, T2, T3)
               (T0, T1, T2, T3, T4)
             and 306 others
note: required by a bound in `channel_client::_::_serde::ser::SerializeStruct::serialize_field`
    --> /Users/maarten/.cargo/registry/src/index.crates.io-1949cf8c6b5b557f/serde_core-1.0.227/src/ser/mod.rs:1917:21
     |
1915 |     fn serialize_field<T>(&mut self, key: &'static str, value: &T) -> Result<(), Self::Error>
     |        --------------- required by a bound in this associated function
1916 |     where
1917 |         T: ?Sized + Serialize;
     |                     ^^^^^^^^^ required by this bound in `SerializeStruct::serialize_field`
     = note: the full name for the type has been written to '/Users/maarten/Documents/GitHub/agentic/greentic/target/debug/deps/channel_plugin-33b438dca9e704ca.long-type-16907045505540824707.txt'
     = note: consider using `--verbose` to print the full type name to the console
     = note: this error originates in the derive macro `Serialize` (in Nightly builds, run with -Z macro-backtrace for more info)

error[E0277]: the trait bound `tokio::sync::broadcast::Receiver<message::ChannelMessage>: serde::Serialize` is not satisfied
    --> crates/channel_plugin/src/channel_client.rs:108:17
     |
108  | #[derive(Debug, Serialize, Deserialize)]
     |                 ^^^^^^^^^ the trait `channel_client::_::_serde::Serialize` is not implemented for `tokio::sync::broadcast::Receiver<message::ChannelMessage>`
...
113  |     rx: broadcast::Receiver<ChannelMessage>,
     |     -- required by a bound introduced by this call
     |
     = note: for local types consider adding `#[derive(serde::Serialize)]` to your `tokio::sync::broadcast::Receiver<message::ChannelMessage>` type
     = note: for types from other crates check whether the crate offers a `serde` feature flag
     = help: the following other types implement trait `channel_client::_::_serde::Serialize`:
               &'a T
               &'a mut T
               ()
               (T,)
               (T0, T1)
               (T0, T1, T2)
               (T0, T1, T2, T3)
               (T0, T1, T2, T3, T4)
             and 306 others
note: required by a bound in `channel_client::_::_serde::ser::SerializeStruct::serialize_field`
    --> /Users/maarten/.cargo/registry/src/index.crates.io-1949cf8c6b5b557f/serde_core-1.0.227/src/ser/mod.rs:1917:21
     |
1915 |     fn serialize_field<T>(&mut self, key: &'static str, value: &T) -> Result<(), Self::Error>
     |        --------------- required by a bound in this associated function
1916 |     where
1917 |         T: ?Sized + Serialize;
     |                     ^^^^^^^^^ required by this bound in `SerializeStruct::serialize_field`
     = note: this error originates in the derive macro `Serialize` (in Nightly builds, run with -Z macro-backtrace for more info)

error[E0277]: the trait bound `Arc<tokio::sync::broadcast::Sender<message::ChannelMessage>>: serde::Serialize` is not satisfied
    --> crates/channel_plugin/src/channel_client.rs:108:17
     |
108  | #[derive(Debug, Serialize, Deserialize)]
     |                 ^^^^^^^^^ the trait `channel_client::_::_serde::Serialize` is not implemented for `Arc<tokio::sync::broadcast::Sender<message::ChannelMessage>>`
...
114  |     rx_src: Arc<broadcast::Sender<ChannelMessage>>,
     |     ------ required by a bound introduced by this call
     |
     = note: for local types consider adding `#[derive(serde::Serialize)]` to your `Arc<tokio::sync::broadcast::Sender<message::ChannelMessage>>` type
     = note: for types from other crates check whether the crate offers a `serde` feature flag
     = help: the following other types implement trait `channel_client::_::_serde::Serialize`:
               &'a T
               &'a mut T
               ()
               (T,)
               (T0, T1)
               (T0, T1, T2)
               (T0, T1, T2, T3)
               (T0, T1, T2, T3, T4)
             and 306 others
note: required by a bound in `channel_client::_::_serde::ser::SerializeStruct::serialize_field`
    --> /Users/maarten/.cargo/registry/src/index.crates.io-1949cf8c6b5b557f/serde_core-1.0.227/src/ser/mod.rs:1917:21
     |
1915 |     fn serialize_field<T>(&mut self, key: &'static str, value: &T) -> Result<(), Self::Error>
     |        --------------- required by a bound in this associated function
1916 |     where
1917 |         T: ?Sized + Serialize;
     |                     ^^^^^^^^^ required by this bound in `SerializeStruct::serialize_field`
     = note: this error originates in the derive macro `Serialize` (in Nightly builds, run with -Z macro-backtrace for more info)

error[E0277]: the trait bound `Sender<(Request, Sender<Response>)>: serde::Deserialize<'de>` is not satisfied
    --> crates/channel_plugin/src/channel_client.rs:111:9
     |
111  |     tx: mpsc::Sender<(Request, oneshot::Sender<Response>)>,
     |         ^^^^^^^^^^^^^^^^^^^^^^^^^^^^^^^^^^^^^^^^^^^^^^^^^^ the trait `channel_client::_::_serde::Deserialize<'_>` is not implemented for `Sender<(Request, Sender<Response>)>`
     |
     = note: for local types consider adding `#[derive(serde::Deserialize)]` to your `Sender<(Request, Sender<Response>)>` type
     = note: for types from other crates check whether the crate offers a `serde` feature flag
     = help: the following other types implement trait `channel_client::_::_serde::Deserialize<'de>`:
               `&'a Path` implements `channel_client::_::_serde::Deserialize<'de>`
               `&'a [u8]` implements `channel_client::_::_serde::Deserialize<'de>`
               `&'a str` implements `channel_client::_::_serde::Deserialize<'de>`
               `()` implements `channel_client::_::_serde::Deserialize<'de>`
               `(T,)` implements `channel_client::_::_serde::Deserialize<'de>`
               `(T0, T1)` implements `channel_client::_::_serde::Deserialize<'de>`
               `(T0, T1, T2)` implements `channel_client::_::_serde::Deserialize<'de>`
               `(T0, T1, T2, T3)` implements `channel_client::_::_serde::Deserialize<'de>`
             and 312 others
note: required by a bound in `next_element`
    --> /Users/maarten/.cargo/registry/src/index.crates.io-1949cf8c6b5b557f/serde_core-1.0.227/src/de/mod.rs:1771:12
     |
1769 |     fn next_element<T>(&mut self) -> Result<Option<T>, Self::Error>
     |        ------------ required by a bound in this associated function
1770 |     where
1771 |         T: Deserialize<'de>,
     |            ^^^^^^^^^^^^^^^^ required by this bound in `SeqAccess::next_element`
     = note: the full name for the type has been written to '/Users/maarten/Documents/GitHub/agentic/greentic/target/debug/deps/channel_plugin-33b438dca9e704ca.long-type-16907045505540824707.txt'
     = note: consider using `--verbose` to print the full type name to the console

error[E0277]: the trait bound `tokio::sync::broadcast::Receiver<message::ChannelMessage>: serde::Deserialize<'de>` is not satisfied
    --> crates/channel_plugin/src/channel_client.rs:113:9
     |
113  |     rx: broadcast::Receiver<ChannelMessage>,
     |         ^^^^^^^^^^^^^^^^^^^^^^^^^^^^^^^^^^^ the trait `channel_client::_::_serde::Deserialize<'_>` is not implemented for `tokio::sync::broadcast::Receiver<message::ChannelMessage>`
     |
     = note: for local types consider adding `#[derive(serde::Deserialize)]` to your `tokio::sync::broadcast::Receiver<message::ChannelMessage>` type
     = note: for types from other crates check whether the crate offers a `serde` feature flag
     = help: the following other types implement trait `channel_client::_::_serde::Deserialize<'de>`:
               `&'a Path` implements `channel_client::_::_serde::Deserialize<'de>`
               `&'a [u8]` implements `channel_client::_::_serde::Deserialize<'de>`
               `&'a str` implements `channel_client::_::_serde::Deserialize<'de>`
               `()` implements `channel_client::_::_serde::Deserialize<'de>`
               `(T,)` implements `channel_client::_::_serde::Deserialize<'de>`
               `(T0, T1)` implements `channel_client::_::_serde::Deserialize<'de>`
               `(T0, T1, T2)` implements `channel_client::_::_serde::Deserialize<'de>`
               `(T0, T1, T2, T3)` implements `channel_client::_::_serde::Deserialize<'de>`
             and 312 others
note: required by a bound in `next_element`
    --> /Users/maarten/.cargo/registry/src/index.crates.io-1949cf8c6b5b557f/serde_core-1.0.227/src/de/mod.rs:1771:12
     |
1769 |     fn next_element<T>(&mut self) -> Result<Option<T>, Self::Error>
     |        ------------ required by a bound in this associated function
1770 |     where
1771 |         T: Deserialize<'de>,
     |            ^^^^^^^^^^^^^^^^ required by this bound in `SeqAccess::next_element`

error[E0277]: the trait bound `Arc<tokio::sync::broadcast::Sender<message::ChannelMessage>>: serde::Deserialize<'de>` is not satisfied
    --> crates/channel_plugin/src/channel_client.rs:114:13
     |
114  |     rx_src: Arc<broadcast::Sender<ChannelMessage>>,
     |             ^^^^^^^^^^^^^^^^^^^^^^^^^^^^^^^^^^^^^^ the trait `channel_client::_::_serde::Deserialize<'_>` is not implemented for `Arc<tokio::sync::broadcast::Sender<message::ChannelMessage>>`
     |
     = note: for local types consider adding `#[derive(serde::Deserialize)]` to your `Arc<tokio::sync::broadcast::Sender<message::ChannelMessage>>` type
     = note: for types from other crates check whether the crate offers a `serde` feature flag
     = help: the following other types implement trait `channel_client::_::_serde::Deserialize<'de>`:
               `&'a Path` implements `channel_client::_::_serde::Deserialize<'de>`
               `&'a [u8]` implements `channel_client::_::_serde::Deserialize<'de>`
               `&'a str` implements `channel_client::_::_serde::Deserialize<'de>`
               `()` implements `channel_client::_::_serde::Deserialize<'de>`
               `(T,)` implements `channel_client::_::_serde::Deserialize<'de>`
               `(T0, T1)` implements `channel_client::_::_serde::Deserialize<'de>`
               `(T0, T1, T2)` implements `channel_client::_::_serde::Deserialize<'de>`
               `(T0, T1, T2, T3)` implements `channel_client::_::_serde::Deserialize<'de>`
             and 312 others
note: required by a bound in `next_element`
    --> /Users/maarten/.cargo/registry/src/index.crates.io-1949cf8c6b5b557f/serde_core-1.0.227/src/de/mod.rs:1771:12
     |
1769 |     fn next_element<T>(&mut self) -> Result<Option<T>, Self::Error>
     |        ------------ required by a bound in this associated function
1770 |     where
1771 |         T: Deserialize<'de>,
     |            ^^^^^^^^^^^^^^^^ required by this bound in `SeqAccess::next_element`

error[E0277]: the trait bound `Sender<(Request, Sender<Response>)>: serde::Deserialize<'de>` is not satisfied
    --> crates/channel_plugin/src/channel_client.rs:111:9
     |
111  |     tx: mpsc::Sender<(Request, oneshot::Sender<Response>)>,
     |         ^^^^^^^^^^^^^^^^^^^^^^^^^^^^^^^^^^^^^^^^^^^^^^^^^^ the trait `channel_client::_::_serde::Deserialize<'_>` is not implemented for `Sender<(Request, Sender<Response>)>`
     |
     = note: for local types consider adding `#[derive(serde::Deserialize)]` to your `Sender<(Request, Sender<Response>)>` type
     = note: for types from other crates check whether the crate offers a `serde` feature flag
     = help: the following other types implement trait `channel_client::_::_serde::Deserialize<'de>`:
               `&'a Path` implements `channel_client::_::_serde::Deserialize<'de>`
               `&'a [u8]` implements `channel_client::_::_serde::Deserialize<'de>`
               `&'a str` implements `channel_client::_::_serde::Deserialize<'de>`
               `()` implements `channel_client::_::_serde::Deserialize<'de>`
               `(T,)` implements `channel_client::_::_serde::Deserialize<'de>`
               `(T0, T1)` implements `channel_client::_::_serde::Deserialize<'de>`
               `(T0, T1, T2)` implements `channel_client::_::_serde::Deserialize<'de>`
               `(T0, T1, T2, T3)` implements `channel_client::_::_serde::Deserialize<'de>`
             and 312 others
note: required by a bound in `next_value`
    --> /Users/maarten/.cargo/registry/src/index.crates.io-1949cf8c6b5b557f/serde_core-1.0.227/src/de/mod.rs:1916:12
     |
1914 |     fn next_value<V>(&mut self) -> Result<V, Self::Error>
     |        ---------- required by a bound in this associated function
1915 |     where
1916 |         V: Deserialize<'de>,
     |            ^^^^^^^^^^^^^^^^ required by this bound in `MapAccess::next_value`
     = note: the full name for the type has been written to '/Users/maarten/Documents/GitHub/agentic/greentic/target/debug/deps/channel_plugin-33b438dca9e704ca.long-type-16907045505540824707.txt'
     = note: consider using `--verbose` to print the full type name to the console

error[E0277]: the trait bound `tokio::sync::broadcast::Receiver<message::ChannelMessage>: serde::Deserialize<'de>` is not satisfied
    --> crates/channel_plugin/src/channel_client.rs:113:9
     |
113  |     rx: broadcast::Receiver<ChannelMessage>,
     |         ^^^^^^^^^^^^^^^^^^^^^^^^^^^^^^^^^^^ the trait `channel_client::_::_serde::Deserialize<'_>` is not implemented for `tokio::sync::broadcast::Receiver<message::ChannelMessage>`
     |
     = note: for local types consider adding `#[derive(serde::Deserialize)]` to your `tokio::sync::broadcast::Receiver<message::ChannelMessage>` type
     = note: for types from other crates check whether the crate offers a `serde` feature flag
     = help: the following other types implement trait `channel_client::_::_serde::Deserialize<'de>`:
               `&'a Path` implements `channel_client::_::_serde::Deserialize<'de>`
               `&'a [u8]` implements `channel_client::_::_serde::Deserialize<'de>`
               `&'a str` implements `channel_client::_::_serde::Deserialize<'de>`
               `()` implements `channel_client::_::_serde::Deserialize<'de>`
               `(T,)` implements `channel_client::_::_serde::Deserialize<'de>`
               `(T0, T1)` implements `channel_client::_::_serde::Deserialize<'de>`
               `(T0, T1, T2)` implements `channel_client::_::_serde::Deserialize<'de>`
               `(T0, T1, T2, T3)` implements `channel_client::_::_serde::Deserialize<'de>`
             and 312 others
note: required by a bound in `next_value`
    --> /Users/maarten/.cargo/registry/src/index.crates.io-1949cf8c6b5b557f/serde_core-1.0.227/src/de/mod.rs:1916:12
     |
1914 |     fn next_value<V>(&mut self) -> Result<V, Self::Error>
     |        ---------- required by a bound in this associated function
1915 |     where
1916 |         V: Deserialize<'de>,
     |            ^^^^^^^^^^^^^^^^ required by this bound in `MapAccess::next_value`

error[E0277]: the trait bound `Arc<tokio::sync::broadcast::Sender<message::ChannelMessage>>: serde::Deserialize<'de>` is not satisfied
    --> crates/channel_plugin/src/channel_client.rs:114:13
     |
114  |     rx_src: Arc<broadcast::Sender<ChannelMessage>>,
     |             ^^^^^^^^^^^^^^^^^^^^^^^^^^^^^^^^^^^^^^ the trait `channel_client::_::_serde::Deserialize<'_>` is not implemented for `Arc<tokio::sync::broadcast::Sender<message::ChannelMessage>>`
     |
     = note: for local types consider adding `#[derive(serde::Deserialize)]` to your `Arc<tokio::sync::broadcast::Sender<message::ChannelMessage>>` type
     = note: for types from other crates check whether the crate offers a `serde` feature flag
     = help: the following other types implement trait `channel_client::_::_serde::Deserialize<'de>`:
               `&'a Path` implements `channel_client::_::_serde::Deserialize<'de>`
               `&'a [u8]` implements `channel_client::_::_serde::Deserialize<'de>`
               `&'a str` implements `channel_client::_::_serde::Deserialize<'de>`
               `()` implements `channel_client::_::_serde::Deserialize<'de>`
               `(T,)` implements `channel_client::_::_serde::Deserialize<'de>`
               `(T0, T1)` implements `channel_client::_::_serde::Deserialize<'de>`
               `(T0, T1, T2)` implements `channel_client::_::_serde::Deserialize<'de>`
               `(T0, T1, T2, T3)` implements `channel_client::_::_serde::Deserialize<'de>`
             and 312 others
note: required by a bound in `next_value`
    --> /Users/maarten/.cargo/registry/src/index.crates.io-1949cf8c6b5b557f/serde_core-1.0.227/src/de/mod.rs:1916:12
     |
1914 |     fn next_value<V>(&mut self) -> Result<V, Self::Error>
     |        ---------- required by a bound in this associated function
1915 |     where
1916 |         V: Deserialize<'de>,
     |            ^^^^^^^^^^^^^^^^ required by this bound in `MapAccess::next_value`

error[E0277]: the trait bound `Sender<(Request, Sender<Response>)>: serde::Deserialize<'de>` is not satisfied
   --> crates/channel_plugin/src/channel_client.rs:108:28
    |
108 | #[derive(Debug, Serialize, Deserialize)]
    |                            ^^^^^^^^^^^ the trait `channel_client::_::_serde::Deserialize<'_>` is not implemented for `Sender<(Request, Sender<Response>)>`
    |
    = note: for local types consider adding `#[derive(serde::Deserialize)]` to your `Sender<(Request, Sender<Response>)>` type
    = note: for types from other crates check whether the crate offers a `serde` feature flag
    = help: the following other types implement trait `channel_client::_::_serde::Deserialize<'de>`:
              `&'a Path` implements `channel_client::_::_serde::Deserialize<'de>`
              `&'a [u8]` implements `channel_client::_::_serde::Deserialize<'de>`
              `&'a str` implements `channel_client::_::_serde::Deserialize<'de>`
              `()` implements `channel_client::_::_serde::Deserialize<'de>`
              `(T,)` implements `channel_client::_::_serde::Deserialize<'de>`
              `(T0, T1)` implements `channel_client::_::_serde::Deserialize<'de>`
              `(T0, T1, T2)` implements `channel_client::_::_serde::Deserialize<'de>`
              `(T0, T1, T2, T3)` implements `channel_client::_::_serde::Deserialize<'de>`
            and 312 others
note: required by a bound in `channel_client::_::_serde::__private227::de::missing_field`
   --> /Users/maarten/.cargo/registry/src/index.crates.io-1949cf8c6b5b557f/serde-1.0.227/src/private/de.rs:26:8
    |
24  | pub fn missing_field<'de, V, E>(field: &'static str) -> Result<V, E>
    |        ------------- required by a bound in this function
25  | where
26  |     V: Deserialize<'de>,
    |        ^^^^^^^^^^^^^^^^ required by this bound in `missing_field`
    = note: the full name for the type has been written to '/Users/maarten/Documents/GitHub/agentic/greentic/target/debug/deps/channel_plugin-33b438dca9e704ca.long-type-16907045505540824707.txt'
    = note: consider using `--verbose` to print the full type name to the console
    = note: this error originates in the derive macro `Deserialize` (in Nightly builds, run with -Z macro-backtrace for more info)

error[E0277]: the trait bound `tokio::sync::broadcast::Receiver<message::ChannelMessage>: serde::Deserialize<'de>` is not satisfied
   --> crates/channel_plugin/src/channel_client.rs:108:28
    |
108 | #[derive(Debug, Serialize, Deserialize)]
    |                            ^^^^^^^^^^^ the trait `channel_client::_::_serde::Deserialize<'_>` is not implemented for `tokio::sync::broadcast::Receiver<message::ChannelMessage>`
    |
    = note: for local types consider adding `#[derive(serde::Deserialize)]` to your `tokio::sync::broadcast::Receiver<message::ChannelMessage>` type
    = note: for types from other crates check whether the crate offers a `serde` feature flag
    = help: the following other types implement trait `channel_client::_::_serde::Deserialize<'de>`:
              `&'a Path` implements `channel_client::_::_serde::Deserialize<'de>`
              `&'a [u8]` implements `channel_client::_::_serde::Deserialize<'de>`
              `&'a str` implements `channel_client::_::_serde::Deserialize<'de>`
              `()` implements `channel_client::_::_serde::Deserialize<'de>`
              `(T,)` implements `channel_client::_::_serde::Deserialize<'de>`
              `(T0, T1)` implements `channel_client::_::_serde::Deserialize<'de>`
              `(T0, T1, T2)` implements `channel_client::_::_serde::Deserialize<'de>`
              `(T0, T1, T2, T3)` implements `channel_client::_::_serde::Deserialize<'de>`
            and 312 others
note: required by a bound in `channel_client::_::_serde::__private227::de::missing_field`
   --> /Users/maarten/.cargo/registry/src/index.crates.io-1949cf8c6b5b557f/serde-1.0.227/src/private/de.rs:26:8
    |
24  | pub fn missing_field<'de, V, E>(field: &'static str) -> Result<V, E>
    |        ------------- required by a bound in this function
25  | where
26  |     V: Deserialize<'de>,
    |        ^^^^^^^^^^^^^^^^ required by this bound in `missing_field`
    = note: this error originates in the derive macro `Deserialize` (in Nightly builds, run with -Z macro-backtrace for more info)

error[E0277]: the trait bound `Arc<tokio::sync::broadcast::Sender<message::ChannelMessage>>: serde::Deserialize<'de>` is not satisfied
   --> crates/channel_plugin/src/channel_client.rs:108:28
    |
108 | #[derive(Debug, Serialize, Deserialize)]
    |                            ^^^^^^^^^^^ the trait `channel_client::_::_serde::Deserialize<'_>` is not implemented for `Arc<tokio::sync::broadcast::Sender<message::ChannelMessage>>`
    |
    = note: for local types consider adding `#[derive(serde::Deserialize)]` to your `Arc<tokio::sync::broadcast::Sender<message::ChannelMessage>>` type
    = note: for types from other crates check whether the crate offers a `serde` feature flag
    = help: the following other types implement trait `channel_client::_::_serde::Deserialize<'de>`:
              `&'a Path` implements `channel_client::_::_serde::Deserialize<'de>`
              `&'a [u8]` implements `channel_client::_::_serde::Deserialize<'de>`
              `&'a str` implements `channel_client::_::_serde::Deserialize<'de>`
              `()` implements `channel_client::_::_serde::Deserialize<'de>`
              `(T,)` implements `channel_client::_::_serde::Deserialize<'de>`
              `(T0, T1)` implements `channel_client::_::_serde::Deserialize<'de>`
              `(T0, T1, T2)` implements `channel_client::_::_serde::Deserialize<'de>`
              `(T0, T1, T2, T3)` implements `channel_client::_::_serde::Deserialize<'de>`
            and 312 others
note: required by a bound in `channel_client::_::_serde::__private227::de::missing_field`
   --> /Users/maarten/.cargo/registry/src/index.crates.io-1949cf8c6b5b557f/serde-1.0.227/src/private/de.rs:26:8
    |
24  | pub fn missing_field<'de, V, E>(field: &'static str) -> Result<V, E>
    |        ------------- required by a bound in this function
25  | where
26  |     V: Deserialize<'de>,
    |        ^^^^^^^^^^^^^^^^ required by this bound in `missing_field`
    = note: this error originates in the derive macro `Deserialize` (in Nightly builds, run with -Z macro-backtrace for more info)

error[E0277]: the trait bound `Arc<Mutex<SplitSink<WebSocketStream<MaybeTlsStream<TcpStream>>, ...>>>: serde::Serialize` is not satisfied
    --> crates/channel_plugin/src/channel_client.rs:182:24
     |
182  | #[derive(Debug, Clone, Serialize, Deserialize)]
     |                        ^^^^^^^^^ unsatisfied trait bound
183  | pub struct WebSocketChannelClient {
184  |     sender: Arc<Mutex<SplitSink<WebSocketStream<MaybeTlsStream<TcpStream>>, WsMessage>>>,
     |     ------ required by a bound introduced by this call
     |
     = help: the trait `channel_client::_::_serde::Serialize` is not implemented for `Arc<Mutex<SplitSink<WebSocketStream<MaybeTlsStream<TcpStream>>, ...>>>`
     = note: for local types consider adding `#[derive(serde::Serialize)]` to your `Arc<Mutex<SplitSink<WebSocketStream<MaybeTlsStream<TcpStream>>, ...>>>` type
     = note: for types from other crates check whether the crate offers a `serde` feature flag
     = help: the following other types implement trait `channel_client::_::_serde::Serialize`:
               &'a T
               &'a mut T
               ()
               (T,)
               (T0, T1)
               (T0, T1, T2)
               (T0, T1, T2, T3)
               (T0, T1, T2, T3, T4)
             and 306 others
note: required by a bound in `channel_client::_::_serde::ser::SerializeStruct::serialize_field`
    --> /Users/maarten/.cargo/registry/src/index.crates.io-1949cf8c6b5b557f/serde_core-1.0.227/src/ser/mod.rs:1917:21
     |
1915 |     fn serialize_field<T>(&mut self, key: &'static str, value: &T) -> Result<(), Self::Error>
     |        --------------- required by a bound in this associated function
1916 |     where
1917 |         T: ?Sized + Serialize;
     |                     ^^^^^^^^^ required by this bound in `SerializeStruct::serialize_field`
     = note: the full name for the type has been written to '/Users/maarten/Documents/GitHub/agentic/greentic/target/debug/deps/channel_plugin-33b438dca9e704ca.long-type-16195138896755350199.txt'
     = note: consider using `--verbose` to print the full type name to the console
     = note: this error originates in the derive macro `Serialize` (in Nightly builds, run with -Z macro-backtrace for more info)

error[E0277]: the trait bound `Arc<Mutex<SplitStream<WebSocketStream<MaybeTlsStream<TcpStream>>>>>: serde::Serialize` is not satisfied
    --> crates/channel_plugin/src/channel_client.rs:182:24
     |
182  | #[derive(Debug, Clone, Serialize, Deserialize)]
     |                        ^^^^^^^^^ unsatisfied trait bound
...
185  |     receiver: Arc<Mutex<SplitStream<WebSocketStream<MaybeTlsStream<TcpStream>>>>>,
     |     -------- required by a bound introduced by this call
     |
     = help: the trait `channel_client::_::_serde::Serialize` is not implemented for `Arc<Mutex<SplitStream<WebSocketStream<MaybeTlsStream<TcpStream>>>>>`
     = note: for local types consider adding `#[derive(serde::Serialize)]` to your `Arc<Mutex<SplitStream<WebSocketStream<MaybeTlsStream<TcpStream>>>>>` type
     = note: for types from other crates check whether the crate offers a `serde` feature flag
     = help: the following other types implement trait `channel_client::_::_serde::Serialize`:
               &'a T
               &'a mut T
               ()
               (T,)
               (T0, T1)
               (T0, T1, T2)
               (T0, T1, T2, T3)
               (T0, T1, T2, T3, T4)
             and 306 others
note: required by a bound in `channel_client::_::_serde::ser::SerializeStruct::serialize_field`
    --> /Users/maarten/.cargo/registry/src/index.crates.io-1949cf8c6b5b557f/serde_core-1.0.227/src/ser/mod.rs:1917:21
     |
1915 |     fn serialize_field<T>(&mut self, key: &'static str, value: &T) -> Result<(), Self::Error>
     |        --------------- required by a bound in this associated function
1916 |     where
1917 |         T: ?Sized + Serialize;
     |                     ^^^^^^^^^ required by this bound in `SerializeStruct::serialize_field`
     = note: the full name for the type has been written to '/Users/maarten/Documents/GitHub/agentic/greentic/target/debug/deps/channel_plugin-33b438dca9e704ca.long-type-9026836454170652573.txt'
     = note: consider using `--verbose` to print the full type name to the console
     = note: this error originates in the derive macro `Serialize` (in Nightly builds, run with -Z macro-backtrace for more info)

error[E0277]: the trait bound `Arc<Mutex<SplitSink<WebSocketStream<MaybeTlsStream<TcpStream>>, ...>>>: serde::Deserialize<'de>` is not satisfied
    --> crates/channel_plugin/src/channel_client.rs:184:13
     |
184  |     sender: Arc<Mutex<SplitSink<WebSocketStream<MaybeTlsStream<TcpStream>>, WsMessage>>>,
     |             ^^^^^^^^^^^^^^^^^^^^^^^^^^^^^^^^^^^^^^^^^^^^^^^^^^^^^^^^^^^^^^^^^^^^^^^^^^^^ unsatisfied trait bound
     |
     = help: the trait `channel_client::_::_serde::Deserialize<'_>` is not implemented for `Arc<Mutex<SplitSink<WebSocketStream<MaybeTlsStream<TcpStream>>, ...>>>`
     = note: for local types consider adding `#[derive(serde::Deserialize)]` to your `Arc<Mutex<SplitSink<WebSocketStream<MaybeTlsStream<TcpStream>>, ...>>>` type
     = note: for types from other crates check whether the crate offers a `serde` feature flag
     = help: the following other types implement trait `channel_client::_::_serde::Deserialize<'de>`:
               `&'a Path` implements `channel_client::_::_serde::Deserialize<'de>`
               `&'a [u8]` implements `channel_client::_::_serde::Deserialize<'de>`
               `&'a str` implements `channel_client::_::_serde::Deserialize<'de>`
               `()` implements `channel_client::_::_serde::Deserialize<'de>`
               `(T,)` implements `channel_client::_::_serde::Deserialize<'de>`
               `(T0, T1)` implements `channel_client::_::_serde::Deserialize<'de>`
               `(T0, T1, T2)` implements `channel_client::_::_serde::Deserialize<'de>`
               `(T0, T1, T2, T3)` implements `channel_client::_::_serde::Deserialize<'de>`
             and 312 others
note: required by a bound in `next_element`
    --> /Users/maarten/.cargo/registry/src/index.crates.io-1949cf8c6b5b557f/serde_core-1.0.227/src/de/mod.rs:1771:12
     |
1769 |     fn next_element<T>(&mut self) -> Result<Option<T>, Self::Error>
     |        ------------ required by a bound in this associated function
1770 |     where
1771 |         T: Deserialize<'de>,
     |            ^^^^^^^^^^^^^^^^ required by this bound in `SeqAccess::next_element`
     = note: the full name for the type has been written to '/Users/maarten/Documents/GitHub/agentic/greentic/target/debug/deps/channel_plugin-33b438dca9e704ca.long-type-16195138896755350199.txt'
     = note: consider using `--verbose` to print the full type name to the console

error[E0277]: the trait bound `Arc<Mutex<SplitStream<WebSocketStream<MaybeTlsStream<TcpStream>>>>>: serde::Deserialize<'de>` is not satisfied
    --> crates/channel_plugin/src/channel_client.rs:185:15
     |
185  |     receiver: Arc<Mutex<SplitStream<WebSocketStream<MaybeTlsStream<TcpStream>>>>>,
     |               ^^^^^^^^^^^^^^^^^^^^^^^^^^^^^^^^^^^^^^^^^^^^^^^^^^^^^^^^^^^^^^^^^^^ unsatisfied trait bound
     |
     = help: the trait `channel_client::_::_serde::Deserialize<'_>` is not implemented for `Arc<Mutex<SplitStream<WebSocketStream<MaybeTlsStream<TcpStream>>>>>`
     = note: for local types consider adding `#[derive(serde::Deserialize)]` to your `Arc<Mutex<SplitStream<WebSocketStream<MaybeTlsStream<TcpStream>>>>>` type
     = note: for types from other crates check whether the crate offers a `serde` feature flag
     = help: the following other types implement trait `channel_client::_::_serde::Deserialize<'de>`:
               `&'a Path` implements `channel_client::_::_serde::Deserialize<'de>`
               `&'a [u8]` implements `channel_client::_::_serde::Deserialize<'de>`
               `&'a str` implements `channel_client::_::_serde::Deserialize<'de>`
               `()` implements `channel_client::_::_serde::Deserialize<'de>`
               `(T,)` implements `channel_client::_::_serde::Deserialize<'de>`
               `(T0, T1)` implements `channel_client::_::_serde::Deserialize<'de>`
               `(T0, T1, T2)` implements `channel_client::_::_serde::Deserialize<'de>`
               `(T0, T1, T2, T3)` implements `channel_client::_::_serde::Deserialize<'de>`
             and 312 others
note: required by a bound in `next_element`
    --> /Users/maarten/.cargo/registry/src/index.crates.io-1949cf8c6b5b557f/serde_core-1.0.227/src/de/mod.rs:1771:12
     |
1769 |     fn next_element<T>(&mut self) -> Result<Option<T>, Self::Error>
     |        ------------ required by a bound in this associated function
1770 |     where
1771 |         T: Deserialize<'de>,
     |            ^^^^^^^^^^^^^^^^ required by this bound in `SeqAccess::next_element`
     = note: the full name for the type has been written to '/Users/maarten/Documents/GitHub/agentic/greentic/target/debug/deps/channel_plugin-33b438dca9e704ca.long-type-9026836454170652573.txt'
     = note: consider using `--verbose` to print the full type name to the console

error[E0277]: the trait bound `Arc<Mutex<SplitSink<WebSocketStream<MaybeTlsStream<TcpStream>>, ...>>>: serde::Deserialize<'de>` is not satisfied
    --> crates/channel_plugin/src/channel_client.rs:184:13
     |
184  |     sender: Arc<Mutex<SplitSink<WebSocketStream<MaybeTlsStream<TcpStream>>, WsMessage>>>,
     |             ^^^^^^^^^^^^^^^^^^^^^^^^^^^^^^^^^^^^^^^^^^^^^^^^^^^^^^^^^^^^^^^^^^^^^^^^^^^^ unsatisfied trait bound
     |
     = help: the trait `channel_client::_::_serde::Deserialize<'_>` is not implemented for `Arc<Mutex<SplitSink<WebSocketStream<MaybeTlsStream<TcpStream>>, ...>>>`
     = note: for local types consider adding `#[derive(serde::Deserialize)]` to your `Arc<Mutex<SplitSink<WebSocketStream<MaybeTlsStream<TcpStream>>, ...>>>` type
     = note: for types from other crates check whether the crate offers a `serde` feature flag
     = help: the following other types implement trait `channel_client::_::_serde::Deserialize<'de>`:
               `&'a Path` implements `channel_client::_::_serde::Deserialize<'de>`
               `&'a [u8]` implements `channel_client::_::_serde::Deserialize<'de>`
               `&'a str` implements `channel_client::_::_serde::Deserialize<'de>`
               `()` implements `channel_client::_::_serde::Deserialize<'de>`
               `(T,)` implements `channel_client::_::_serde::Deserialize<'de>`
               `(T0, T1)` implements `channel_client::_::_serde::Deserialize<'de>`
               `(T0, T1, T2)` implements `channel_client::_::_serde::Deserialize<'de>`
               `(T0, T1, T2, T3)` implements `channel_client::_::_serde::Deserialize<'de>`
             and 312 others
note: required by a bound in `next_value`
    --> /Users/maarten/.cargo/registry/src/index.crates.io-1949cf8c6b5b557f/serde_core-1.0.227/src/de/mod.rs:1916:12
     |
1914 |     fn next_value<V>(&mut self) -> Result<V, Self::Error>
     |        ---------- required by a bound in this associated function
1915 |     where
1916 |         V: Deserialize<'de>,
     |            ^^^^^^^^^^^^^^^^ required by this bound in `MapAccess::next_value`
     = note: the full name for the type has been written to '/Users/maarten/Documents/GitHub/agentic/greentic/target/debug/deps/channel_plugin-33b438dca9e704ca.long-type-16195138896755350199.txt'
     = note: consider using `--verbose` to print the full type name to the console

error[E0277]: the trait bound `Arc<Mutex<SplitStream<WebSocketStream<MaybeTlsStream<TcpStream>>>>>: serde::Deserialize<'de>` is not satisfied
    --> crates/channel_plugin/src/channel_client.rs:185:15
     |
185  |     receiver: Arc<Mutex<SplitStream<WebSocketStream<MaybeTlsStream<TcpStream>>>>>,
     |               ^^^^^^^^^^^^^^^^^^^^^^^^^^^^^^^^^^^^^^^^^^^^^^^^^^^^^^^^^^^^^^^^^^^ unsatisfied trait bound
     |
     = help: the trait `channel_client::_::_serde::Deserialize<'_>` is not implemented for `Arc<Mutex<SplitStream<WebSocketStream<MaybeTlsStream<TcpStream>>>>>`
     = note: for local types consider adding `#[derive(serde::Deserialize)]` to your `Arc<Mutex<SplitStream<WebSocketStream<MaybeTlsStream<TcpStream>>>>>` type
     = note: for types from other crates check whether the crate offers a `serde` feature flag
     = help: the following other types implement trait `channel_client::_::_serde::Deserialize<'de>`:
               `&'a Path` implements `channel_client::_::_serde::Deserialize<'de>`
               `&'a [u8]` implements `channel_client::_::_serde::Deserialize<'de>`
               `&'a str` implements `channel_client::_::_serde::Deserialize<'de>`
               `()` implements `channel_client::_::_serde::Deserialize<'de>`
               `(T,)` implements `channel_client::_::_serde::Deserialize<'de>`
               `(T0, T1)` implements `channel_client::_::_serde::Deserialize<'de>`
               `(T0, T1, T2)` implements `channel_client::_::_serde::Deserialize<'de>`
               `(T0, T1, T2, T3)` implements `channel_client::_::_serde::Deserialize<'de>`
             and 312 others
note: required by a bound in `next_value`
    --> /Users/maarten/.cargo/registry/src/index.crates.io-1949cf8c6b5b557f/serde_core-1.0.227/src/de/mod.rs:1916:12
     |
1914 |     fn next_value<V>(&mut self) -> Result<V, Self::Error>
     |        ---------- required by a bound in this associated function
1915 |     where
1916 |         V: Deserialize<'de>,
     |            ^^^^^^^^^^^^^^^^ required by this bound in `MapAccess::next_value`
     = note: the full name for the type has been written to '/Users/maarten/Documents/GitHub/agentic/greentic/target/debug/deps/channel_plugin-33b438dca9e704ca.long-type-9026836454170652573.txt'
     = note: consider using `--verbose` to print the full type name to the console

error[E0277]: the trait bound `Arc<Mutex<SplitSink<WebSocketStream<MaybeTlsStream<TcpStream>>, ...>>>: serde::Deserialize<'de>` is not satisfied
   --> crates/channel_plugin/src/channel_client.rs:182:35
    |
182 | #[derive(Debug, Clone, Serialize, Deserialize)]
    |                                   ^^^^^^^^^^^ unsatisfied trait bound
    |
    = help: the trait `channel_client::_::_serde::Deserialize<'_>` is not implemented for `Arc<Mutex<SplitSink<WebSocketStream<MaybeTlsStream<TcpStream>>, ...>>>`
    = note: for local types consider adding `#[derive(serde::Deserialize)]` to your `Arc<Mutex<SplitSink<WebSocketStream<MaybeTlsStream<TcpStream>>, ...>>>` type
    = note: for types from other crates check whether the crate offers a `serde` feature flag
    = help: the following other types implement trait `channel_client::_::_serde::Deserialize<'de>`:
              `&'a Path` implements `channel_client::_::_serde::Deserialize<'de>`
              `&'a [u8]` implements `channel_client::_::_serde::Deserialize<'de>`
              `&'a str` implements `channel_client::_::_serde::Deserialize<'de>`
              `()` implements `channel_client::_::_serde::Deserialize<'de>`
              `(T,)` implements `channel_client::_::_serde::Deserialize<'de>`
              `(T0, T1)` implements `channel_client::_::_serde::Deserialize<'de>`
              `(T0, T1, T2)` implements `channel_client::_::_serde::Deserialize<'de>`
              `(T0, T1, T2, T3)` implements `channel_client::_::_serde::Deserialize<'de>`
            and 312 others
note: required by a bound in `channel_client::_::_serde::__private227::de::missing_field`
   --> /Users/maarten/.cargo/registry/src/index.crates.io-1949cf8c6b5b557f/serde-1.0.227/src/private/de.rs:26:8
    |
24  | pub fn missing_field<'de, V, E>(field: &'static str) -> Result<V, E>
    |        ------------- required by a bound in this function
25  | where
26  |     V: Deserialize<'de>,
    |        ^^^^^^^^^^^^^^^^ required by this bound in `missing_field`
    = note: the full name for the type has been written to '/Users/maarten/Documents/GitHub/agentic/greentic/target/debug/deps/channel_plugin-33b438dca9e704ca.long-type-16195138896755350199.txt'
    = note: consider using `--verbose` to print the full type name to the console
    = note: this error originates in the derive macro `Deserialize` (in Nightly builds, run with -Z macro-backtrace for more info)

error[E0277]: the trait bound `Arc<Mutex<SplitStream<WebSocketStream<MaybeTlsStream<TcpStream>>>>>: serde::Deserialize<'de>` is not satisfied
   --> crates/channel_plugin/src/channel_client.rs:182:35
    |
182 | #[derive(Debug, Clone, Serialize, Deserialize)]
    |                                   ^^^^^^^^^^^ unsatisfied trait bound
    |
    = help: the trait `channel_client::_::_serde::Deserialize<'_>` is not implemented for `Arc<Mutex<SplitStream<WebSocketStream<MaybeTlsStream<TcpStream>>>>>`
    = note: for local types consider adding `#[derive(serde::Deserialize)]` to your `Arc<Mutex<SplitStream<WebSocketStream<MaybeTlsStream<TcpStream>>>>>` type
    = note: for types from other crates check whether the crate offers a `serde` feature flag
    = help: the following other types implement trait `channel_client::_::_serde::Deserialize<'de>`:
              `&'a Path` implements `channel_client::_::_serde::Deserialize<'de>`
              `&'a [u8]` implements `channel_client::_::_serde::Deserialize<'de>`
              `&'a str` implements `channel_client::_::_serde::Deserialize<'de>`
              `()` implements `channel_client::_::_serde::Deserialize<'de>`
              `(T,)` implements `channel_client::_::_serde::Deserialize<'de>`
              `(T0, T1)` implements `channel_client::_::_serde::Deserialize<'de>`
              `(T0, T1, T2)` implements `channel_client::_::_serde::Deserialize<'de>`
              `(T0, T1, T2, T3)` implements `channel_client::_::_serde::Deserialize<'de>`
            and 312 others
note: required by a bound in `channel_client::_::_serde::__private227::de::missing_field`
   --> /Users/maarten/.cargo/registry/src/index.crates.io-1949cf8c6b5b557f/serde-1.0.227/src/private/de.rs:26:8
    |
24  | pub fn missing_field<'de, V, E>(field: &'static str) -> Result<V, E>
    |        ------------- required by a bound in this function
25  | where
26  |     V: Deserialize<'de>,
    |        ^^^^^^^^^^^^^^^^ required by this bound in `missing_field`
    = note: the full name for the type has been written to '/Users/maarten/Documents/GitHub/agentic/greentic/target/debug/deps/channel_plugin-33b438dca9e704ca.long-type-9026836454170652573.txt'
    = note: consider using `--verbose` to print the full type name to the console
    = note: this error originates in the derive macro `Deserialize` (in Nightly builds, run with -Z macro-backtrace for more info)

error[E0277]: the trait bound `Arc<async_nats::Client>: serde::Serialize` is not satisfied
    --> crates/channel_plugin/src/pubsub_client.rs:15:24
     |
15   | #[derive(Clone, Debug, Serialize, Deserialize)]
     |                        ^^^^^^^^^ the trait `channel_client::_::_serde::Serialize` is not implemented for `Arc<async_nats::Client>`
16   | pub struct PubSubPlugin {
17   |     nats: Option<Arc<Client>>,
     |     ---- required by a bound introduced by this call
     |
     = note: for local types consider adding `#[derive(serde::Serialize)]` to your `Arc<async_nats::Client>` type
     = note: for types from other crates check whether the crate offers a `serde` feature flag
     = help: the following other types implement trait `channel_client::_::_serde::Serialize`:
               &'a T
               &'a mut T
               ()
               (T,)
               (T0, T1)
               (T0, T1, T2)
               (T0, T1, T2, T3)
               (T0, T1, T2, T3, T4)
             and 306 others
     = note: required for `std::option::Option<Arc<async_nats::Client>>` to implement `channel_client::_::_serde::Serialize`
note: required by a bound in `channel_client::_::_serde::ser::SerializeStruct::serialize_field`
    --> /Users/maarten/.cargo/registry/src/index.crates.io-1949cf8c6b5b557f/serde_core-1.0.227/src/ser/mod.rs:1917:21
     |
1915 |     fn serialize_field<T>(&mut self, key: &'static str, value: &T) -> Result<(), Self::Error>
     |        --------------- required by a bound in this associated function
1916 |     where
1917 |         T: ?Sized + Serialize;
     |                     ^^^^^^^^^ required by this bound in `SerializeStruct::serialize_field`
     = note: this error originates in the derive macro `Serialize` (in Nightly builds, run with -Z macro-backtrace for more info)

error[E0277]: the trait bound `Arc<tokio::sync::RwLock<message::ChannelState>>: serde::Serialize` is not satisfied
    --> crates/channel_plugin/src/pubsub_client.rs:15:24
     |
15   | #[derive(Clone, Debug, Serialize, Deserialize)]
     |                        ^^^^^^^^^ the trait `channel_client::_::_serde::Serialize` is not implemented for `Arc<tokio::sync::RwLock<message::ChannelState>>`
...
21   |     state: Arc<RwLock<ChannelState>>,
     |     ----- required by a bound introduced by this call
     |
     = note: for local types consider adding `#[derive(serde::Serialize)]` to your `Arc<tokio::sync::RwLock<message::ChannelState>>` type
     = note: for types from other crates check whether the crate offers a `serde` feature flag
     = help: the following other types implement trait `channel_client::_::_serde::Serialize`:
               &'a T
               &'a mut T
               ()
               (T,)
               (T0, T1)
               (T0, T1, T2)
               (T0, T1, T2, T3)
               (T0, T1, T2, T3, T4)
             and 306 others
note: required by a bound in `channel_client::_::_serde::ser::SerializeStruct::serialize_field`
    --> /Users/maarten/.cargo/registry/src/index.crates.io-1949cf8c6b5b557f/serde_core-1.0.227/src/ser/mod.rs:1917:21
     |
1915 |     fn serialize_field<T>(&mut self, key: &'static str, value: &T) -> Result<(), Self::Error>
     |        --------------- required by a bound in this associated function
1916 |     where
1917 |         T: ?Sized + Serialize;
     |                     ^^^^^^^^^ required by this bound in `SerializeStruct::serialize_field`
     = note: this error originates in the derive macro `Serialize` (in Nightly builds, run with -Z macro-backtrace for more info)

error[E0277]: the trait bound `Arc<tokio::sync::RwLock<std::option::Option<UnboundedReceiver<message::ChannelMessage>>>>: serde::Serialize` is not satisfied
    --> crates/channel_plugin/src/pubsub_client.rs:15:24
     |
15   | #[derive(Clone, Debug, Serialize, Deserialize)]
     |                        ^^^^^^^^^ unsatisfied trait bound
...
24   |     subscriber_rx: Arc<RwLock<Option<UnboundedReceiver<ChannelMessage>>>>,
     |     ------------- required by a bound introduced by this call
     |
     = help: the trait `channel_client::_::_serde::Serialize` is not implemented for `Arc<tokio::sync::RwLock<std::option::Option<UnboundedReceiver<message::ChannelMessage>>>>`
     = note: for local types consider adding `#[derive(serde::Serialize)]` to your `Arc<tokio::sync::RwLock<std::option::Option<UnboundedReceiver<message::ChannelMessage>>>>` type
     = note: for types from other crates check whether the crate offers a `serde` feature flag
     = help: the following other types implement trait `channel_client::_::_serde::Serialize`:
               &'a T
               &'a mut T
               ()
               (T,)
               (T0, T1)
               (T0, T1, T2)
               (T0, T1, T2, T3)
               (T0, T1, T2, T3, T4)
             and 306 others
note: required by a bound in `channel_client::_::_serde::ser::SerializeStruct::serialize_field`
    --> /Users/maarten/.cargo/registry/src/index.crates.io-1949cf8c6b5b557f/serde_core-1.0.227/src/ser/mod.rs:1917:21
     |
1915 |     fn serialize_field<T>(&mut self, key: &'static str, value: &T) -> Result<(), Self::Error>
     |        --------------- required by a bound in this associated function
1916 |     where
1917 |         T: ?Sized + Serialize;
     |                     ^^^^^^^^^ required by this bound in `SerializeStruct::serialize_field`
     = note: this error originates in the derive macro `Serialize` (in Nightly builds, run with -Z macro-backtrace for more info)

error[E0277]: the trait bound `Arc<tokio::sync::RwLock<std::option::Option<tokio::sync::watch::Sender<()>>>>: serde::Serialize` is not satisfied
    --> crates/channel_plugin/src/pubsub_client.rs:15:24
     |
15   | #[derive(Clone, Debug, Serialize, Deserialize)]
     |                        ^^^^^^^^^ unsatisfied trait bound
...
25   |     stop_tx: Arc<RwLock<Option<tokio::sync::watch::Sender<()>>>>,
     |     ------- required by a bound introduced by this call
     |
     = help: the trait `channel_client::_::_serde::Serialize` is not implemented for `Arc<tokio::sync::RwLock<std::option::Option<tokio::sync::watch::Sender<()>>>>`
     = note: for local types consider adding `#[derive(serde::Serialize)]` to your `Arc<tokio::sync::RwLock<std::option::Option<tokio::sync::watch::Sender<()>>>>` type
     = note: for types from other crates check whether the crate offers a `serde` feature flag
     = help: the following other types implement trait `channel_client::_::_serde::Serialize`:
               &'a T
               &'a mut T
               ()
               (T,)
               (T0, T1)
               (T0, T1, T2)
               (T0, T1, T2, T3)
               (T0, T1, T2, T3, T4)
             and 306 others
note: required by a bound in `channel_client::_::_serde::ser::SerializeStruct::serialize_field`
    --> /Users/maarten/.cargo/registry/src/index.crates.io-1949cf8c6b5b557f/serde_core-1.0.227/src/ser/mod.rs:1917:21
     |
1915 |     fn serialize_field<T>(&mut self, key: &'static str, value: &T) -> Result<(), Self::Error>
     |        --------------- required by a bound in this associated function
1916 |     where
1917 |         T: ?Sized + Serialize;
     |                     ^^^^^^^^^ required by this bound in `SerializeStruct::serialize_field`
     = note: this error originates in the derive macro `Serialize` (in Nightly builds, run with -Z macro-backtrace for more info)

error[E0277]: the trait bound `Arc<async_nats::Client>: serde::Deserialize<'de>` is not satisfied
    --> crates/channel_plugin/src/pubsub_client.rs:17:11
     |
17   |     nats: Option<Arc<Client>>,
     |           ^^^^^^^^^^^^^^^^^^^ the trait `channel_client::_::_serde::Deserialize<'_>` is not implemented for `Arc<async_nats::Client>`
     |
     = note: for local types consider adding `#[derive(serde::Deserialize)]` to your `Arc<async_nats::Client>` type
     = note: for types from other crates check whether the crate offers a `serde` feature flag
     = help: the following other types implement trait `channel_client::_::_serde::Deserialize<'de>`:
               `&'a Path` implements `channel_client::_::_serde::Deserialize<'de>`
               `&'a [u8]` implements `channel_client::_::_serde::Deserialize<'de>`
               `&'a str` implements `channel_client::_::_serde::Deserialize<'de>`
               `()` implements `channel_client::_::_serde::Deserialize<'de>`
               `(T,)` implements `channel_client::_::_serde::Deserialize<'de>`
               `(T0, T1)` implements `channel_client::_::_serde::Deserialize<'de>`
               `(T0, T1, T2)` implements `channel_client::_::_serde::Deserialize<'de>`
               `(T0, T1, T2, T3)` implements `channel_client::_::_serde::Deserialize<'de>`
             and 309 others
     = note: required for `std::option::Option<Arc<async_nats::Client>>` to implement `channel_client::_::_serde::Deserialize<'_>`
note: required by a bound in `next_element`
    --> /Users/maarten/.cargo/registry/src/index.crates.io-1949cf8c6b5b557f/serde_core-1.0.227/src/de/mod.rs:1771:12
     |
1769 |     fn next_element<T>(&mut self) -> Result<Option<T>, Self::Error>
     |        ------------ required by a bound in this associated function
1770 |     where
1771 |         T: Deserialize<'de>,
     |            ^^^^^^^^^^^^^^^^ required by this bound in `SeqAccess::next_element`

error[E0277]: the trait bound `Arc<tokio::sync::RwLock<message::ChannelState>>: serde::Deserialize<'de>` is not satisfied
    --> crates/channel_plugin/src/pubsub_client.rs:21:12
     |
21   |     state: Arc<RwLock<ChannelState>>,
     |            ^^^^^^^^^^^^^^^^^^^^^^^^^ the trait `channel_client::_::_serde::Deserialize<'_>` is not implemented for `Arc<tokio::sync::RwLock<message::ChannelState>>`
     |
     = note: for local types consider adding `#[derive(serde::Deserialize)]` to your `Arc<tokio::sync::RwLock<message::ChannelState>>` type
     = note: for types from other crates check whether the crate offers a `serde` feature flag
     = help: the following other types implement trait `channel_client::_::_serde::Deserialize<'de>`:
               `&'a Path` implements `channel_client::_::_serde::Deserialize<'de>`
               `&'a [u8]` implements `channel_client::_::_serde::Deserialize<'de>`
               `&'a str` implements `channel_client::_::_serde::Deserialize<'de>`
               `()` implements `channel_client::_::_serde::Deserialize<'de>`
               `(T,)` implements `channel_client::_::_serde::Deserialize<'de>`
               `(T0, T1)` implements `channel_client::_::_serde::Deserialize<'de>`
               `(T0, T1, T2)` implements `channel_client::_::_serde::Deserialize<'de>`
               `(T0, T1, T2, T3)` implements `channel_client::_::_serde::Deserialize<'de>`
             and 309 others
note: required by a bound in `next_element`
    --> /Users/maarten/.cargo/registry/src/index.crates.io-1949cf8c6b5b557f/serde_core-1.0.227/src/de/mod.rs:1771:12
     |
1769 |     fn next_element<T>(&mut self) -> Result<Option<T>, Self::Error>
     |        ------------ required by a bound in this associated function
1770 |     where
1771 |         T: Deserialize<'de>,
     |            ^^^^^^^^^^^^^^^^ required by this bound in `SeqAccess::next_element`

error[E0277]: the trait bound `Arc<tokio::sync::RwLock<std::option::Option<UnboundedReceiver<message::ChannelMessage>>>>: serde::Deserialize<'de>` is not satisfied
    --> crates/channel_plugin/src/pubsub_client.rs:24:20
     |
24   |     subscriber_rx: Arc<RwLock<Option<UnboundedReceiver<ChannelMessage>>>>,
     |                    ^^^^^^^^^^^^^^^^^^^^^^^^^^^^^^^^^^^^^^^^^^^^^^^^^^^^^^ unsatisfied trait bound
     |
     = help: the trait `channel_client::_::_serde::Deserialize<'_>` is not implemented for `Arc<tokio::sync::RwLock<std::option::Option<UnboundedReceiver<message::ChannelMessage>>>>`
     = note: for local types consider adding `#[derive(serde::Deserialize)]` to your `Arc<tokio::sync::RwLock<std::option::Option<UnboundedReceiver<message::ChannelMessage>>>>` type
     = note: for types from other crates check whether the crate offers a `serde` feature flag
     = help: the following other types implement trait `channel_client::_::_serde::Deserialize<'de>`:
               `&'a Path` implements `channel_client::_::_serde::Deserialize<'de>`
               `&'a [u8]` implements `channel_client::_::_serde::Deserialize<'de>`
               `&'a str` implements `channel_client::_::_serde::Deserialize<'de>`
               `()` implements `channel_client::_::_serde::Deserialize<'de>`
               `(T,)` implements `channel_client::_::_serde::Deserialize<'de>`
               `(T0, T1)` implements `channel_client::_::_serde::Deserialize<'de>`
               `(T0, T1, T2)` implements `channel_client::_::_serde::Deserialize<'de>`
               `(T0, T1, T2, T3)` implements `channel_client::_::_serde::Deserialize<'de>`
             and 309 others
note: required by a bound in `next_element`
    --> /Users/maarten/.cargo/registry/src/index.crates.io-1949cf8c6b5b557f/serde_core-1.0.227/src/de/mod.rs:1771:12
     |
1769 |     fn next_element<T>(&mut self) -> Result<Option<T>, Self::Error>
     |        ------------ required by a bound in this associated function
1770 |     where
1771 |         T: Deserialize<'de>,
     |            ^^^^^^^^^^^^^^^^ required by this bound in `SeqAccess::next_element`

error[E0277]: the trait bound `Arc<tokio::sync::RwLock<std::option::Option<tokio::sync::watch::Sender<()>>>>: serde::Deserialize<'de>` is not satisfied
    --> crates/channel_plugin/src/pubsub_client.rs:25:14
     |
25   |     stop_tx: Arc<RwLock<Option<tokio::sync::watch::Sender<()>>>>,
     |              ^^^^^^^^^^^^^^^^^^^^^^^^^^^^^^^^^^^^^^^^^^^^^^^^^^^ unsatisfied trait bound
     |
     = help: the trait `channel_client::_::_serde::Deserialize<'_>` is not implemented for `Arc<tokio::sync::RwLock<std::option::Option<tokio::sync::watch::Sender<()>>>>`
     = note: for local types consider adding `#[derive(serde::Deserialize)]` to your `Arc<tokio::sync::RwLock<std::option::Option<tokio::sync::watch::Sender<()>>>>` type
     = note: for types from other crates check whether the crate offers a `serde` feature flag
     = help: the following other types implement trait `channel_client::_::_serde::Deserialize<'de>`:
               `&'a Path` implements `channel_client::_::_serde::Deserialize<'de>`
               `&'a [u8]` implements `channel_client::_::_serde::Deserialize<'de>`
               `&'a str` implements `channel_client::_::_serde::Deserialize<'de>`
               `()` implements `channel_client::_::_serde::Deserialize<'de>`
               `(T,)` implements `channel_client::_::_serde::Deserialize<'de>`
               `(T0, T1)` implements `channel_client::_::_serde::Deserialize<'de>`
               `(T0, T1, T2)` implements `channel_client::_::_serde::Deserialize<'de>`
               `(T0, T1, T2, T3)` implements `channel_client::_::_serde::Deserialize<'de>`
             and 309 others
note: required by a bound in `next_element`
    --> /Users/maarten/.cargo/registry/src/index.crates.io-1949cf8c6b5b557f/serde_core-1.0.227/src/de/mod.rs:1771:12
     |
1769 |     fn next_element<T>(&mut self) -> Result<Option<T>, Self::Error>
     |        ------------ required by a bound in this associated function
1770 |     where
1771 |         T: Deserialize<'de>,
     |            ^^^^^^^^^^^^^^^^ required by this bound in `SeqAccess::next_element`

error[E0277]: the trait bound `Arc<async_nats::Client>: serde::Deserialize<'de>` is not satisfied
    --> crates/channel_plugin/src/pubsub_client.rs:17:11
     |
17   |     nats: Option<Arc<Client>>,
     |           ^^^^^^^^^^^^^^^^^^^ the trait `channel_client::_::_serde::Deserialize<'_>` is not implemented for `Arc<async_nats::Client>`
     |
     = note: for local types consider adding `#[derive(serde::Deserialize)]` to your `Arc<async_nats::Client>` type
     = note: for types from other crates check whether the crate offers a `serde` feature flag
     = help: the following other types implement trait `channel_client::_::_serde::Deserialize<'de>`:
               `&'a Path` implements `channel_client::_::_serde::Deserialize<'de>`
               `&'a [u8]` implements `channel_client::_::_serde::Deserialize<'de>`
               `&'a str` implements `channel_client::_::_serde::Deserialize<'de>`
               `()` implements `channel_client::_::_serde::Deserialize<'de>`
               `(T,)` implements `channel_client::_::_serde::Deserialize<'de>`
               `(T0, T1)` implements `channel_client::_::_serde::Deserialize<'de>`
               `(T0, T1, T2)` implements `channel_client::_::_serde::Deserialize<'de>`
               `(T0, T1, T2, T3)` implements `channel_client::_::_serde::Deserialize<'de>`
             and 309 others
     = note: required for `std::option::Option<Arc<async_nats::Client>>` to implement `channel_client::_::_serde::Deserialize<'_>`
note: required by a bound in `next_value`
    --> /Users/maarten/.cargo/registry/src/index.crates.io-1949cf8c6b5b557f/serde_core-1.0.227/src/de/mod.rs:1916:12
     |
1914 |     fn next_value<V>(&mut self) -> Result<V, Self::Error>
     |        ---------- required by a bound in this associated function
1915 |     where
1916 |         V: Deserialize<'de>,
     |            ^^^^^^^^^^^^^^^^ required by this bound in `MapAccess::next_value`

error[E0277]: the trait bound `Arc<tokio::sync::RwLock<message::ChannelState>>: serde::Deserialize<'de>` is not satisfied
    --> crates/channel_plugin/src/pubsub_client.rs:21:12
     |
21   |     state: Arc<RwLock<ChannelState>>,
     |            ^^^^^^^^^^^^^^^^^^^^^^^^^ the trait `channel_client::_::_serde::Deserialize<'_>` is not implemented for `Arc<tokio::sync::RwLock<message::ChannelState>>`
     |
     = note: for local types consider adding `#[derive(serde::Deserialize)]` to your `Arc<tokio::sync::RwLock<message::ChannelState>>` type
     = note: for types from other crates check whether the crate offers a `serde` feature flag
     = help: the following other types implement trait `channel_client::_::_serde::Deserialize<'de>`:
               `&'a Path` implements `channel_client::_::_serde::Deserialize<'de>`
               `&'a [u8]` implements `channel_client::_::_serde::Deserialize<'de>`
               `&'a str` implements `channel_client::_::_serde::Deserialize<'de>`
               `()` implements `channel_client::_::_serde::Deserialize<'de>`
               `(T,)` implements `channel_client::_::_serde::Deserialize<'de>`
               `(T0, T1)` implements `channel_client::_::_serde::Deserialize<'de>`
               `(T0, T1, T2)` implements `channel_client::_::_serde::Deserialize<'de>`
               `(T0, T1, T2, T3)` implements `channel_client::_::_serde::Deserialize<'de>`
             and 309 others
note: required by a bound in `next_value`
    --> /Users/maarten/.cargo/registry/src/index.crates.io-1949cf8c6b5b557f/serde_core-1.0.227/src/de/mod.rs:1916:12
     |
1914 |     fn next_value<V>(&mut self) -> Result<V, Self::Error>
     |        ---------- required by a bound in this associated function
1915 |     where
1916 |         V: Deserialize<'de>,
     |            ^^^^^^^^^^^^^^^^ required by this bound in `MapAccess::next_value`

error[E0277]: the trait bound `Arc<tokio::sync::RwLock<std::option::Option<UnboundedReceiver<message::ChannelMessage>>>>: serde::Deserialize<'de>` is not satisfied
    --> crates/channel_plugin/src/pubsub_client.rs:24:20
     |
24   |     subscriber_rx: Arc<RwLock<Option<UnboundedReceiver<ChannelMessage>>>>,
     |                    ^^^^^^^^^^^^^^^^^^^^^^^^^^^^^^^^^^^^^^^^^^^^^^^^^^^^^^ unsatisfied trait bound
     |
     = help: the trait `channel_client::_::_serde::Deserialize<'_>` is not implemented for `Arc<tokio::sync::RwLock<std::option::Option<UnboundedReceiver<message::ChannelMessage>>>>`
     = note: for local types consider adding `#[derive(serde::Deserialize)]` to your `Arc<tokio::sync::RwLock<std::option::Option<UnboundedReceiver<message::ChannelMessage>>>>` type
     = note: for types from other crates check whether the crate offers a `serde` feature flag
     = help: the following other types implement trait `channel_client::_::_serde::Deserialize<'de>`:
               `&'a Path` implements `channel_client::_::_serde::Deserialize<'de>`
               `&'a [u8]` implements `channel_client::_::_serde::Deserialize<'de>`
               `&'a str` implements `channel_client::_::_serde::Deserialize<'de>`
               `()` implements `channel_client::_::_serde::Deserialize<'de>`
               `(T,)` implements `channel_client::_::_serde::Deserialize<'de>`
               `(T0, T1)` implements `channel_client::_::_serde::Deserialize<'de>`
               `(T0, T1, T2)` implements `channel_client::_::_serde::Deserialize<'de>`
               `(T0, T1, T2, T3)` implements `channel_client::_::_serde::Deserialize<'de>`
             and 309 others
note: required by a bound in `next_value`
    --> /Users/maarten/.cargo/registry/src/index.crates.io-1949cf8c6b5b557f/serde_core-1.0.227/src/de/mod.rs:1916:12
     |
1914 |     fn next_value<V>(&mut self) -> Result<V, Self::Error>
     |        ---------- required by a bound in this associated function
1915 |     where
1916 |         V: Deserialize<'de>,
     |            ^^^^^^^^^^^^^^^^ required by this bound in `MapAccess::next_value`

error[E0277]: the trait bound `Arc<tokio::sync::RwLock<std::option::Option<tokio::sync::watch::Sender<()>>>>: serde::Deserialize<'de>` is not satisfied
    --> crates/channel_plugin/src/pubsub_client.rs:25:14
     |
25   |     stop_tx: Arc<RwLock<Option<tokio::sync::watch::Sender<()>>>>,
     |              ^^^^^^^^^^^^^^^^^^^^^^^^^^^^^^^^^^^^^^^^^^^^^^^^^^^ unsatisfied trait bound
     |
     = help: the trait `channel_client::_::_serde::Deserialize<'_>` is not implemented for `Arc<tokio::sync::RwLock<std::option::Option<tokio::sync::watch::Sender<()>>>>`
     = note: for local types consider adding `#[derive(serde::Deserialize)]` to your `Arc<tokio::sync::RwLock<std::option::Option<tokio::sync::watch::Sender<()>>>>` type
     = note: for types from other crates check whether the crate offers a `serde` feature flag
     = help: the following other types implement trait `channel_client::_::_serde::Deserialize<'de>`:
               `&'a Path` implements `channel_client::_::_serde::Deserialize<'de>`
               `&'a [u8]` implements `channel_client::_::_serde::Deserialize<'de>`
               `&'a str` implements `channel_client::_::_serde::Deserialize<'de>`
               `()` implements `channel_client::_::_serde::Deserialize<'de>`
               `(T,)` implements `channel_client::_::_serde::Deserialize<'de>`
               `(T0, T1)` implements `channel_client::_::_serde::Deserialize<'de>`
               `(T0, T1, T2)` implements `channel_client::_::_serde::Deserialize<'de>`
               `(T0, T1, T2, T3)` implements `channel_client::_::_serde::Deserialize<'de>`
             and 309 others
note: required by a bound in `next_value`
    --> /Users/maarten/.cargo/registry/src/index.crates.io-1949cf8c6b5b557f/serde_core-1.0.227/src/de/mod.rs:1916:12
     |
1914 |     fn next_value<V>(&mut self) -> Result<V, Self::Error>
     |        ---------- required by a bound in this associated function
1915 |     where
1916 |         V: Deserialize<'de>,
     |            ^^^^^^^^^^^^^^^^ required by this bound in `MapAccess::next_value`

error[E0277]: the trait bound `Arc<async_nats::Client>: serde::Deserialize<'de>` is not satisfied
  --> crates/channel_plugin/src/pubsub_client.rs:15:35
   |
15 | #[derive(Clone, Debug, Serialize, Deserialize)]
   |                                   ^^^^^^^^^^^ the trait `channel_client::_::_serde::Deserialize<'_>` is not implemented for `Arc<async_nats::Client>`
   |
   = note: for local types consider adding `#[derive(serde::Deserialize)]` to your `Arc<async_nats::Client>` type
   = note: for types from other crates check whether the crate offers a `serde` feature flag
   = help: the following other types implement trait `channel_client::_::_serde::Deserialize<'de>`:
             `&'a Path` implements `channel_client::_::_serde::Deserialize<'de>`
             `&'a [u8]` implements `channel_client::_::_serde::Deserialize<'de>`
             `&'a str` implements `channel_client::_::_serde::Deserialize<'de>`
             `()` implements `channel_client::_::_serde::Deserialize<'de>`
             `(T,)` implements `channel_client::_::_serde::Deserialize<'de>`
             `(T0, T1)` implements `channel_client::_::_serde::Deserialize<'de>`
             `(T0, T1, T2)` implements `channel_client::_::_serde::Deserialize<'de>`
             `(T0, T1, T2, T3)` implements `channel_client::_::_serde::Deserialize<'de>`
           and 309 others
   = note: required for `std::option::Option<Arc<async_nats::Client>>` to implement `channel_client::_::_serde::Deserialize<'_>`
note: required by a bound in `channel_client::_::_serde::__private227::de::missing_field`
  --> /Users/maarten/.cargo/registry/src/index.crates.io-1949cf8c6b5b557f/serde-1.0.227/src/private/de.rs:26:8
   |
24 | pub fn missing_field<'de, V, E>(field: &'static str) -> Result<V, E>
   |        ------------- required by a bound in this function
25 | where
26 |     V: Deserialize<'de>,
   |        ^^^^^^^^^^^^^^^^ required by this bound in `missing_field`
   = note: this error originates in the derive macro `Deserialize` (in Nightly builds, run with -Z macro-backtrace for more info)

error[E0277]: the trait bound `Arc<tokio::sync::RwLock<message::ChannelState>>: serde::Deserialize<'de>` is not satisfied
  --> crates/channel_plugin/src/pubsub_client.rs:15:35
   |
15 | #[derive(Clone, Debug, Serialize, Deserialize)]
   |                                   ^^^^^^^^^^^ the trait `channel_client::_::_serde::Deserialize<'_>` is not implemented for `Arc<tokio::sync::RwLock<message::ChannelState>>`
   |
   = note: for local types consider adding `#[derive(serde::Deserialize)]` to your `Arc<tokio::sync::RwLock<message::ChannelState>>` type
   = note: for types from other crates check whether the crate offers a `serde` feature flag
   = help: the following other types implement trait `channel_client::_::_serde::Deserialize<'de>`:
             `&'a Path` implements `channel_client::_::_serde::Deserialize<'de>`
             `&'a [u8]` implements `channel_client::_::_serde::Deserialize<'de>`
             `&'a str` implements `channel_client::_::_serde::Deserialize<'de>`
             `()` implements `channel_client::_::_serde::Deserialize<'de>`
             `(T,)` implements `channel_client::_::_serde::Deserialize<'de>`
             `(T0, T1)` implements `channel_client::_::_serde::Deserialize<'de>`
             `(T0, T1, T2)` implements `channel_client::_::_serde::Deserialize<'de>`
             `(T0, T1, T2, T3)` implements `channel_client::_::_serde::Deserialize<'de>`
           and 309 others
note: required by a bound in `channel_client::_::_serde::__private227::de::missing_field`
  --> /Users/maarten/.cargo/registry/src/index.crates.io-1949cf8c6b5b557f/serde-1.0.227/src/private/de.rs:26:8
   |
24 | pub fn missing_field<'de, V, E>(field: &'static str) -> Result<V, E>
   |        ------------- required by a bound in this function
25 | where
26 |     V: Deserialize<'de>,
   |        ^^^^^^^^^^^^^^^^ required by this bound in `missing_field`
   = note: this error originates in the derive macro `Deserialize` (in Nightly builds, run with -Z macro-backtrace for more info)

error[E0277]: the trait bound `Arc<tokio::sync::RwLock<std::option::Option<UnboundedReceiver<message::ChannelMessage>>>>: serde::Deserialize<'de>` is not satisfied
  --> crates/channel_plugin/src/pubsub_client.rs:15:35
   |
15 | #[derive(Clone, Debug, Serialize, Deserialize)]
   |                                   ^^^^^^^^^^^ unsatisfied trait bound
   |
   = help: the trait `channel_client::_::_serde::Deserialize<'_>` is not implemented for `Arc<tokio::sync::RwLock<std::option::Option<UnboundedReceiver<message::ChannelMessage>>>>`
   = note: for local types consider adding `#[derive(serde::Deserialize)]` to your `Arc<tokio::sync::RwLock<std::option::Option<UnboundedReceiver<message::ChannelMessage>>>>` type
   = note: for types from other crates check whether the crate offers a `serde` feature flag
   = help: the following other types implement trait `channel_client::_::_serde::Deserialize<'de>`:
             `&'a Path` implements `channel_client::_::_serde::Deserialize<'de>`
             `&'a [u8]` implements `channel_client::_::_serde::Deserialize<'de>`
             `&'a str` implements `channel_client::_::_serde::Deserialize<'de>`
             `()` implements `channel_client::_::_serde::Deserialize<'de>`
             `(T,)` implements `channel_client::_::_serde::Deserialize<'de>`
             `(T0, T1)` implements `channel_client::_::_serde::Deserialize<'de>`
             `(T0, T1, T2)` implements `channel_client::_::_serde::Deserialize<'de>`
             `(T0, T1, T2, T3)` implements `channel_client::_::_serde::Deserialize<'de>`
           and 309 others
note: required by a bound in `channel_client::_::_serde::__private227::de::missing_field`
  --> /Users/maarten/.cargo/registry/src/index.crates.io-1949cf8c6b5b557f/serde-1.0.227/src/private/de.rs:26:8
   |
24 | pub fn missing_field<'de, V, E>(field: &'static str) -> Result<V, E>
   |        ------------- required by a bound in this function
25 | where
26 |     V: Deserialize<'de>,
   |        ^^^^^^^^^^^^^^^^ required by this bound in `missing_field`
   = note: this error originates in the derive macro `Deserialize` (in Nightly builds, run with -Z macro-backtrace for more info)

error[E0277]: the trait bound `Arc<tokio::sync::RwLock<std::option::Option<tokio::sync::watch::Sender<()>>>>: serde::Deserialize<'de>` is not satisfied
  --> crates/channel_plugin/src/pubsub_client.rs:15:35
   |
15 | #[derive(Clone, Debug, Serialize, Deserialize)]
   |                                   ^^^^^^^^^^^ unsatisfied trait bound
   |
   = help: the trait `channel_client::_::_serde::Deserialize<'_>` is not implemented for `Arc<tokio::sync::RwLock<std::option::Option<tokio::sync::watch::Sender<()>>>>`
   = note: for local types consider adding `#[derive(serde::Deserialize)]` to your `Arc<tokio::sync::RwLock<std::option::Option<tokio::sync::watch::Sender<()>>>>` type
   = note: for types from other crates check whether the crate offers a `serde` feature flag
   = help: the following other types implement trait `channel_client::_::_serde::Deserialize<'de>`:
             `&'a Path` implements `channel_client::_::_serde::Deserialize<'de>`
             `&'a [u8]` implements `channel_client::_::_serde::Deserialize<'de>`
             `&'a str` implements `channel_client::_::_serde::Deserialize<'de>`
             `()` implements `channel_client::_::_serde::Deserialize<'de>`
             `(T,)` implements `channel_client::_::_serde::Deserialize<'de>`
             `(T0, T1)` implements `channel_client::_::_serde::Deserialize<'de>`
             `(T0, T1, T2)` implements `channel_client::_::_serde::Deserialize<'de>`
             `(T0, T1, T2, T3)` implements `channel_client::_::_serde::Deserialize<'de>`
           and 309 others
note: required by a bound in `channel_client::_::_serde::__private227::de::missing_field`
  --> /Users/maarten/.cargo/registry/src/index.crates.io-1949cf8c6b5b557f/serde-1.0.227/src/private/de.rs:26:8
   |
24 | pub fn missing_field<'de, V, E>(field: &'static str) -> Result<V, E>
   |        ------------- required by a bound in this function
25 | where
26 |     V: Deserialize<'de>,
   |        ^^^^^^^^^^^^^^^^ required by this bound in `missing_field`
   = note: this error originates in the derive macro `Deserialize` (in Nightly builds, run with -Z macro-backtrace for more info)

For more information about this error, try `rustc --explain E0277`.
error: could not compile `channel_plugin` (lib) due to 36 previous errors
